TN:
SF:src/index.ts
FN:19,(anonymous_0)
FN:39,(anonymous_1)
FN:41,(anonymous_2)
FN:52,(anonymous_3)
FN:74,(anonymous_4)
FN:85,(anonymous_5)
FN:114,(anonymous_6)
FN:123,(anonymous_7)
FNF:8
FNH:0
FNDA:0,(anonymous_0)
FNDA:0,(anonymous_1)
FNDA:0,(anonymous_2)
FNDA:0,(anonymous_3)
FNDA:0,(anonymous_4)
FNDA:0,(anonymous_5)
FNDA:0,(anonymous_6)
FNDA:0,(anonymous_7)
DA:20,0
DA:33,0
DA:34,0
DA:36,0
DA:41,0
DA:42,0
DA:43,0
DA:44,0
DA:46,0
DA:47,0
DA:52,0
DA:53,0
DA:54,0
DA:55,0
DA:56,0
DA:60,0
DA:61,0
DA:62,0
DA:74,0
DA:75,0
DA:76,0
DA:77,0
DA:79,0
DA:80,0
DA:85,0
DA:86,0
DA:87,0
DA:88,0
DA:90,0
DA:99,0
DA:100,0
DA:101,0
DA:115,0
DA:116,0
DA:117,0
DA:122,0
DA:123,0
DA:124,0
DA:125,0
LF:39
LH:0
BRDA:60,0,0,0
BRDA:60,0,1,0
BRDA:99,1,0,0
BRDA:99,1,1,0
BRF:4
BRH:0
end_of_record
TN:
SF:src/server.ts
FN:4,setupRoutes
FNF:1
FNH:0
FNDA:0,setupRoutes
DA:6,0
LF:1
LH:0
BRF:0
BRH:0
end_of_record
TN:
SF:src/handlers/prompts.ts
FN:1,(anonymous_0)
FN:7,(anonymous_1)
FN:8,(anonymous_2)
FN:15,(anonymous_3)
FN:20,(anonymous_4)
FNF:5
FNH:0
FNDA:0,(anonymous_0)
FNDA:0,(anonymous_1)
FNDA:0,(anonymous_2)
FNDA:0,(anonymous_3)
FNDA:0,(anonymous_4)
DA:1,0
DA:2,0
DA:7,0
DA:8,0
DA:9,0
DA:10,0
DA:15,0
DA:16,0
DA:17,0
DA:20,0
DA:21,0
LF:11
LH:0
BRF:0
BRH:0
end_of_record
TN:
SF:src/handlers/resources.ts
FN:13,(anonymous_0)
FN:17,(anonymous_1)
FN:69,(anonymous_2)
FN:80,(anonymous_3)
FN:106,(anonymous_4)
FN:117,(anonymous_5)
FN:148,(anonymous_6)
FNF:7
FNH:0
FNDA:0,(anonymous_0)
FNDA:0,(anonymous_1)
FNDA:0,(anonymous_2)
FNDA:0,(anonymous_3)
FNDA:0,(anonymous_4)
FNDA:0,(anonymous_5)
FNDA:0,(anonymous_6)
DA:14,0
DA:18,0
DA:20,0
DA:22,0
DA:25,0
DA:27,0
DA:28,0
DA:37,0
DA:38,0
DA:39,0
DA:48,0
DA:56,0
DA:58,0
DA:66,0
DA:70,0
DA:71,0
DA:72,0
DA:73,0
DA:75,0
DA:76,0
DA:77,0
DA:79,0
DA:80,0
DA:81,0
DA:82,0
DA:83,0
DA:85,0
DA:86,0
DA:88,0
DA:91,0
DA:97,0
DA:98,0
DA:99,0
DA:101,0
DA:102,0
DA:105,0
DA:106,0
DA:108,0
DA:114,0
DA:115,0
DA:116,0
DA:117,0
DA:119,0
DA:120,0
DA:123,0
DA:125,0
DA:131,0
DA:132,0
DA:138,0
DA:140,0
DA:141,0
DA:149,0
LF:52
LH:0
BRDA:71,0,0,0
BRDA:71,0,1,0
BRDA:85,1,0,0
BRDA:85,1,1,0
BRDA:97,2,0,0
BRDA:97,2,1,0
BRDA:101,3,0,0
BRDA:101,3,1,0
BRDA:114,4,0,0
BRDA:114,4,1,0
BRDA:119,5,0,0
BRDA:119,5,1,0
BRDA:131,6,0,0
BRDA:131,6,1,0
BRDA:142,7,0,0
BRDA:142,7,1,0
BRF:16
BRH:0
end_of_record
TN:
SF:src/handlers/tools.ts
FN:31,(anonymous_0)
FN:58,(anonymous_1)
FN:61,(anonymous_2)
FN:67,(anonymous_3)
FN:341,(anonymous_4)
FN:468,(anonymous_5)
FN:473,(anonymous_6)
FN:487,(anonymous_7)
FN:492,(anonymous_8)
FN:494,(anonymous_9)
FN:501,(anonymous_10)
FN:514,(anonymous_11)
FN:526,(anonymous_12)
FN:546,(anonymous_13)
FN:559,(anonymous_14)
FN:571,(anonymous_15)
FN:584,(anonymous_16)
FN:596,(anonymous_17)
FN:650,(anonymous_18)
FN:694,(anonymous_19)
FN:725,(anonymous_20)
FN:735,(anonymous_21)
FN:737,(anonymous_22)
FN:740,(anonymous_23)
FN:754,(anonymous_24)
FN:764,(anonymous_25)
FN:779,(anonymous_26)
FN:797,(anonymous_27)
FN:838,(anonymous_28)
FN:865,(anonymous_29)
FNF:30
FNH:0
FNDA:0,(anonymous_0)
FNDA:0,(anonymous_1)
FNDA:0,(anonymous_2)
FNDA:0,(anonymous_3)
FNDA:0,(anonymous_4)
FNDA:0,(anonymous_5)
FNDA:0,(anonymous_6)
FNDA:0,(anonymous_7)
FNDA:0,(anonymous_8)
FNDA:0,(anonymous_9)
FNDA:0,(anonymous_10)
FNDA:0,(anonymous_11)
FNDA:0,(anonymous_12)
FNDA:0,(anonymous_13)
FNDA:0,(anonymous_14)
FNDA:0,(anonymous_15)
FNDA:0,(anonymous_16)
FNDA:0,(anonymous_17)
FNDA:0,(anonymous_18)
FNDA:0,(anonymous_19)
FNDA:0,(anonymous_20)
FNDA:0,(anonymous_21)
FNDA:0,(anonymous_22)
FNDA:0,(anonymous_23)
FNDA:0,(anonymous_24)
FNDA:0,(anonymous_25)
FNDA:0,(anonymous_26)
FNDA:0,(anonymous_27)
FNDA:0,(anonymous_28)
FNDA:0,(anonymous_29)
DA:25,0
DA:32,0
DA:33,0
DA:34,0
DA:35,0
DA:38,0
DA:43,0
DA:44,0
DA:47,0
DA:59,0
DA:60,0
DA:61,0
DA:64,0
DA:68,0
DA:342,0
DA:343,0
DA:345,0
DA:346,0
DA:348,0
DA:351,0
DA:354,0
DA:355,0
DA:357,0
DA:360,0
DA:361,0
DA:363,0
DA:365,0
DA:366,0
DA:368,0
DA:373,0
DA:380,0
DA:381,0
DA:383,0
DA:385,0
DA:386,0
DA:388,0
DA:391,0
DA:392,0
DA:394,0
DA:397,0
DA:398,0
DA:400,0
DA:401,0
DA:403,0
DA:412,0
DA:413,0
DA:424,0
DA:425,0
DA:426,0
DA:436,0
DA:437,0
DA:447,0
DA:456,0
DA:461,0
DA:462,0
DA:469,0
DA:471,0
DA:473,0
DA:488,0
DA:489,0
DA:491,0
DA:492,0
DA:494,0
DA:502,0
DA:504,0
DA:505,0
DA:512,0
DA:514,0
DA:527,0
DA:529,0
DA:530,0
DA:537,0
DA:547,0
DA:549,0
DA:550,0
DA:557,0
DA:559,0
DA:572,0
DA:574,0
DA:575,0
DA:582,0
DA:584,0
DA:600,0
DA:601,0
DA:604,0
DA:606,0
DA:610,0
DA:625,0
DA:636,0
DA:637,0
DA:652,0
DA:653,0
DA:654,0
DA:657,0
DA:658,0
DA:659,0
DA:660,0
DA:664,0
DA:671,0
DA:695,0
DA:696,0
DA:697,0
DA:699,0
DA:700,0
DA:701,0
DA:704,0
DA:705,0
DA:712,0
DA:713,0
DA:714,0
DA:715,0
DA:717,0
DA:720,0
DA:723,0
DA:724,0
DA:725,0
DA:726,0
DA:728,0
DA:729,0
DA:734,0
DA:735,0
DA:737,0
DA:741,0
DA:742,0
DA:743,0
DA:749,0
DA:750,0
DA:752,0
DA:753,0
DA:754,0
DA:757,0
DA:761,0
DA:763,0
DA:764,0
DA:780,0
DA:784,0
DA:785,0
DA:786,0
DA:789,0
DA:804,0
DA:806,0
DA:808,0
DA:809,0
DA:811,0
DA:814,0
DA:819,0
DA:823,0
DA:827,0
DA:834,0
DA:838,0
DA:855,0
DA:872,0
DA:873,0
DA:881,0
DA:883,0
DA:884,0
LF:156
LH:0
BRDA:51,0,0,0
BRDA:51,0,1,0
BRDA:51,1,0,0
BRDA:51,1,1,0
BRDA:60,2,0,0
BRDA:60,2,1,0
BRDA:343,3,0,0
BRDA:343,3,1,0
BRDA:343,3,2,0
BRDA:343,3,3,0
BRDA:343,3,4,0
BRDA:343,3,5,0
BRDA:343,3,6,0
BRDA:343,3,7,0
BRDA:343,3,8,0
BRDA:343,3,9,0
BRDA:343,3,10,0
BRDA:343,3,11,0
BRDA:345,4,0,0
BRDA:345,4,1,0
BRDA:354,5,0,0
BRDA:354,5,1,0
BRDA:360,6,0,0
BRDA:360,6,1,0
BRDA:365,7,0,0
BRDA:365,7,1,0
BRDA:370,8,0,0
BRDA:370,8,1,0
BRDA:380,9,0,0
BRDA:380,9,1,0
BRDA:385,10,0,0
BRDA:385,10,1,0
BRDA:391,11,0,0
BRDA:391,11,1,0
BRDA:397,12,0,0
BRDA:397,12,1,0
BRDA:400,13,0,0
BRDA:400,13,1,0
BRDA:405,14,0,0
BRDA:405,14,1,0
BRDA:407,15,0,0
BRDA:407,15,1,0
BRDA:412,16,0,0
BRDA:412,16,1,0
BRDA:424,17,0,0
BRDA:424,17,1,0
BRDA:425,18,0,0
BRDA:425,18,1,0
BRDA:436,19,0,0
BRDA:436,19,1,0
BRDA:450,20,0,0
BRDA:450,20,1,0
BRDA:451,21,0,0
BRDA:451,21,1,0
BRDA:452,22,0,0
BRDA:452,22,1,0
BRDA:463,23,0,0
BRDA:463,23,1,0
BRDA:468,24,0,0
BRDA:477,25,0,0
BRDA:477,25,1,0
BRDA:504,26,0,0
BRDA:504,26,1,0
BRDA:517,27,0,0
BRDA:517,27,1,0
BRDA:529,28,0,0
BRDA:529,28,1,0
BRDA:549,29,0,0
BRDA:549,29,1,0
BRDA:562,30,0,0
BRDA:562,30,1,0
BRDA:571,31,0,0
BRDA:574,32,0,0
BRDA:574,32,1,0
BRDA:604,33,0,0
BRDA:604,33,1,0
BRDA:606,34,0,0
BRDA:606,34,1,0
BRDA:606,35,0,0
BRDA:606,35,1,0
BRDA:615,36,0,0
BRDA:615,36,1,0
BRDA:619,37,0,0
BRDA:619,37,1,0
BRDA:633,38,0,0
BRDA:633,38,1,0
BRDA:639,39,0,0
BRDA:639,39,1,0
BRDA:650,40,0,0
BRDA:652,41,0,0
BRDA:652,41,1,0
BRDA:658,42,0,0
BRDA:658,42,1,0
BRDA:660,43,0,0
BRDA:660,43,1,0
BRDA:678,44,0,0
BRDA:678,44,1,0
BRDA:704,45,0,0
BRDA:704,45,1,0
BRDA:714,46,0,0
BRDA:714,46,1,0
BRDA:728,47,0,0
BRDA:728,47,1,0
BRDA:740,48,0,0
BRDA:741,49,0,0
BRDA:741,49,1,0
BRDA:749,50,0,0
BRDA:749,50,1,0
BRDA:749,51,0,0
BRDA:749,51,1,0
BRDA:752,52,0,0
BRDA:752,52,1,0
BRDA:752,53,0,0
BRDA:752,53,1,0
BRDA:754,54,0,0
BRDA:754,54,1,0
BRDA:780,55,0,0
BRDA:780,55,1,0
BRDA:785,56,0,0
BRDA:785,56,1,0
BRDA:789,57,0,0
BRDA:789,57,1,0
BRDA:800,58,0,0
BRDA:801,59,0,0
BRDA:808,60,0,0
BRDA:808,60,1,0
BRDA:823,61,0,0
BRDA:823,61,1,0
BRDA:844,62,0,0
BRDA:844,62,1,0
BRDA:845,63,0,0
BRDA:845,63,1,0
BRDA:857,64,0,0
BRDA:857,64,1,0
BRDA:890,65,0,0
BRDA:890,65,1,0
BRF:136
BRH:0
end_of_record
TN:
SF:src/terragrunt/best-practices.ts
FN:168,(anonymous_0)
FN:188,(anonymous_1)
FN:206,(anonymous_2)
FN:211,(anonymous_3)
FN:220,(anonymous_4)
FN:230,(anonymous_5)
FN:245,(anonymous_6)
FN:273,(anonymous_7)
FN:297,(anonymous_8)
FN:301,(anonymous_9)
FN:302,(anonymous_10)
FN:326,(anonymous_11)
FN:328,(anonymous_12)
FN:339,(anonymous_13)
FN:356,(anonymous_14)
FN:371,(anonymous_15)
FN:376,(anonymous_16)
FN:381,(anonymous_17)
FN:386,(anonymous_18)
FN:401,(anonymous_19)
FN:408,(anonymous_20)
FN:443,(anonymous_21)
FN:464,(anonymous_22)
FN:464,(anonymous_23)
FN:471,(anonymous_24)
FN:486,(anonymous_25)
FN:488,(anonymous_26)
FN:494,(anonymous_27)
FN:575,(anonymous_28)
FN:582,(anonymous_29)
FN:585,(anonymous_30)
FN:587,(anonymous_31)
FN:594,(anonymous_32)
FN:620,(anonymous_33)
FN:656,(anonymous_34)
FN:690,(anonymous_35)
FN:712,(anonymous_36)
FN:724,(anonymous_37)
FN:730,(anonymous_38)
FN:735,(anonymous_39)
FN:746,(anonymous_40)
FN:753,(anonymous_41)
FN:770,(anonymous_42)
FN:833,(anonymous_43)
FN:853,(anonymous_44)
FN:875,(anonymous_45)
FN:931,(anonymous_46)
FN:956,(anonymous_47)
FN:959,(anonymous_48)
FN:966,(anonymous_49)
FN:1008,(anonymous_50)
FN:1036,(anonymous_51)
FN:1045,(anonymous_52)
FN:1046,(anonymous_53)
FN:1059,(anonymous_54)
FN:1065,(anonymous_55)
FN:1082,(anonymous_56)
FN:1105,(anonymous_57)
FNF:58
FNH:57
FNDA:50,(anonymous_0)
FNDA:2219,(anonymous_1)
FNDA:8796,(anonymous_2)
FNDA:101772,(anonymous_3)
FNDA:3319,(anonymous_4)
FNDA:16910,(anonymous_5)
FNDA:273,(anonymous_6)
FNDA:1150,(anonymous_7)
FNDA:8991,(anonymous_8)
FNDA:8991,(anonymous_9)
FNDA:142184,(anonymous_10)
FNDA:273,(anonymous_11)
FNDA:1150,(anonymous_12)
FNDA:2013,(anonymous_13)
FNDA:36,(anonymous_14)
FNDA:221,(anonymous_15)
FNDA:221,(anonymous_16)
FNDA:221,(anonymous_17)
FNDA:221,(anonymous_18)
FNDA:112,(anonymous_19)
FNDA:1708,(anonymous_20)
FNDA:16,(anonymous_21)
FNDA:896,(anonymous_22)
FNDA:896,(anonymous_23)
FNDA:119,(anonymous_24)
FNDA:0,(anonymous_25)
FNDA:9,(anonymous_26)
FNDA:1711,(anonymous_27)
FNDA:309,(anonymous_28)
FNDA:814,(anonymous_29)
FNDA:814,(anonymous_30)
FNDA:4541,(anonymous_31)
FNDA:1150,(anonymous_32)
FNDA:1150,(anonymous_33)
FNDA:1150,(anonymous_34)
FNDA:1150,(anonymous_35)
FNDA:221,(anonymous_36)
FNDA:1919,(anonymous_37)
FNDA:1856,(anonymous_38)
FNDA:416,(anonymous_39)
FNDA:624,(anonymous_40)
FNDA:290,(anonymous_41)
FNDA:273,(anonymous_42)
FNDA:40,(anonymous_43)
FNDA:1140,(anonymous_44)
FNDA:221,(anonymous_45)
FNDA:55,(anonymous_46)
FNDA:71,(anonymous_47)
FNDA:221,(anonymous_48)
FNDA:30,(anonymous_49)
FNDA:16,(anonymous_50)
FNDA:36,(anonymous_51)
FNDA:203,(anonymous_52)
FNDA:203,(anonymous_53)
FNDA:97,(anonymous_54)
FNDA:36,(anonymous_55)
FNDA:36,(anonymous_56)
FNDA:36,(anonymous_57)
DA:96,50
DA:101,50
DA:116,50
DA:119,50
DA:122,50
DA:129,50
DA:132,50
DA:135,50
DA:140,50
DA:149,50
DA:159,50
DA:169,50
DA:172,50
DA:178,50
DA:189,2219
DA:195,50
DA:207,8796
DA:211,101772
DA:213,8796
DA:221,3319
DA:222,3319
DA:224,3319
DA:225,0
DA:229,3319
DA:230,16910
DA:234,3319
DA:237,3319
DA:246,273
DA:249,273
DA:250,1150
DA:254,273
DA:255,1150
DA:256,3319
DA:261,3319
DA:262,799
DA:263,799
DA:274,1150
DA:277,1150
DA:278,1150
DA:281,1150
DA:282,1150
DA:284,1150
DA:285,1150
DA:286,0
DA:287,0
DA:291,1150
DA:292,1080
DA:293,1080
DA:297,8991
DA:301,1150
DA:302,142184
DA:305,1150
DA:306,1150
DA:309,1150
DA:310,1150
DA:312,1150
DA:313,1084
DA:315,1150
DA:316,1084
DA:319,1150
DA:328,1150
DA:331,273
DA:334,273
DA:335,1150
DA:339,2013
DA:360,36
DA:361,0
DA:364,36
DA:367,36
DA:368,36
DA:371,221
DA:372,36
DA:373,36
DA:376,221
DA:377,36
DA:378,36
DA:381,221
DA:382,36
DA:383,36
DA:386,221
DA:387,36
DA:388,36
DA:390,36
DA:402,112
DA:403,112
DA:406,112
DA:408,1708
DA:411,112
DA:412,1708
DA:414,112
DA:415,1360
DA:419,112
DA:420,1596
DA:421,17784
DA:422,1244
DA:424,16540
DA:433,112
DA:444,16
DA:445,16
DA:447,16
DA:448,112
DA:449,112
DA:452,112
DA:453,112
DA:455,9
DA:459,112
DA:460,112
DA:463,112
DA:464,896
DA:465,896
DA:469,112
DA:471,119
DA:472,112
DA:473,112
DA:476,112
DA:479,112
DA:480,9
DA:485,16
DA:486,0
DA:488,9
DA:495,1711
DA:568,1711
DA:569,1711
DA:576,309
DA:577,309
DA:578,0
DA:581,309
DA:582,814
DA:585,309
DA:586,814
DA:587,4541
DA:595,1150
DA:597,1150
DA:598,1150
DA:600,4600
DA:602,4600
DA:603,4600
DA:604,4336
DA:605,4336
DA:606,4336
DA:607,4336
DA:614,1150
DA:621,1150
DA:624,1150
DA:625,1150
DA:627,1150
DA:628,1080
DA:629,1080
DA:634,1150
DA:635,1150
DA:637,1150
DA:638,1088
DA:640,1088
DA:641,1088
DA:642,1080
DA:643,0
DA:650,1150
DA:658,1150
DA:659,1150
DA:660,0
DA:664,1150
DA:665,1150
DA:666,1150
DA:669,1150
DA:674,1150
DA:675,1396
DA:676,1396
DA:677,1396
DA:678,904
DA:683,246
DA:684,1150
DA:691,1150
DA:693,1150
DA:694,4600
DA:695,4600
DA:697,4600
DA:699,2164
DA:700,2164
DA:701,2164
DA:706,1150
DA:714,221
DA:715,221
DA:718,221
DA:719,4
DA:723,217
DA:724,1919
DA:725,33
DA:729,184
DA:730,1856
DA:731,32
DA:735,416
DA:736,128
DA:740,24
DA:741,24
DA:744,24
DA:745,72
DA:746,624
DA:747,0
DA:751,24
DA:752,68
DA:753,290
DA:754,2
DA:759,22
DA:760,22
DA:764,0
DA:771,273
DA:772,273
DA:774,273
DA:775,251
DA:776,753
DA:777,753
DA:779,753
DA:780,1514
DA:781,1514
DA:784,1514
DA:785,364
DA:788,1150
DA:791,1150
DA:792,1514
DA:793,1514
DA:795,1514
DA:797,1514
DA:799,1514
DA:802,1514
DA:806,1514
DA:821,1514
DA:827,273
DA:834,40
DA:836,40
DA:839,39
DA:842,39
DA:843,273
DA:844,273
DA:847,273
DA:850,273
DA:853,1140
DA:862,273
DA:865,39
DA:867,1
DA:868,1
DA:881,221
DA:882,221
DA:884,221
DA:885,64
DA:886,157
DA:887,0
DA:891,221
DA:893,221
DA:935,55
DA:937,55
DA:938,2
DA:942,55
DA:943,55
DA:944,55
DA:945,3
DA:949,52
DA:950,55
DA:951,16
DA:955,36
DA:956,71
DA:959,36
DA:960,221
DA:961,221
DA:965,36
DA:966,30
DA:970,36
DA:973,36
DA:976,36
DA:979,36
DA:982,36
DA:984,36
DA:995,36
DA:997,36
DA:999,0
DA:1000,0
DA:1009,16
DA:1011,16
DA:1012,16
DA:1013,9
DA:1016,16
DA:1041,36
DA:1042,1
DA:1045,203
DA:1046,203
DA:1049,35
DA:1050,35
DA:1051,0
DA:1052,35
DA:1053,31
DA:1056,35
DA:1059,97
DA:1066,36
DA:1068,36
DA:1069,221
DA:1070,776
DA:1071,776
DA:1076,36
DA:1083,36
DA:1089,36
DA:1090,203
DA:1091,203
DA:1095,36
DA:1096,36
DA:1097,36
DA:1099,36
DA:1106,36
DA:1108,36
DA:1109,221
DA:1110,192
DA:1114,36
LF:310
LH:296
BRDA:211,0,0,101772
BRDA:211,0,1,78922
BRDA:224,1,0,0
BRDA:224,1,1,3319
BRDA:224,2,0,3319
BRDA:224,2,1,3319
BRDA:261,3,0,799
BRDA:261,3,1,2520
BRDA:284,4,0,1150
BRDA:284,4,1,0
BRDA:286,5,0,0
BRDA:286,5,1,0
BRDA:291,6,0,1080
BRDA:291,6,1,70
BRDA:302,7,0,142184
BRDA:302,7,1,141451
BRDA:309,8,0,1150
BRDA:309,8,1,0
BRDA:309,9,0,1150
BRDA:309,9,1,1150
BRDA:312,10,0,1084
BRDA:312,10,1,66
BRDA:312,11,0,1150
BRDA:312,11,1,1150
BRDA:315,12,0,1084
BRDA:315,12,1,66
BRDA:315,13,0,1150
BRDA:315,13,1,1150
BRDA:360,14,0,0
BRDA:360,14,1,36
BRDA:371,15,0,221
BRDA:371,15,1,192
BRDA:376,16,0,221
BRDA:376,16,1,221
BRDA:381,17,0,221
BRDA:381,17,1,221
BRDA:386,18,0,221
BRDA:386,18,1,221
BRDA:421,19,0,1244
BRDA:421,19,1,16540
BRDA:453,20,0,9
BRDA:453,20,1,103
BRDA:469,21,0,112
BRDA:469,21,1,0
BRDA:469,22,0,112
BRDA:469,22,1,112
BRDA:473,23,0,112
BRDA:473,23,1,0
BRDA:479,24,0,9
BRDA:479,24,1,103
BRDA:569,25,0,1711
BRDA:569,25,1,22
BRDA:577,26,0,0
BRDA:577,26,1,309
BRDA:604,27,0,4336
BRDA:604,27,1,0
BRDA:606,28,0,4336
BRDA:606,28,1,0
BRDA:628,29,0,1080
BRDA:628,29,1,0
BRDA:628,30,0,1080
BRDA:628,30,1,1080
BRDA:638,31,0,1088
BRDA:638,31,1,0
BRDA:638,32,0,1088
BRDA:638,32,1,1088
BRDA:642,33,0,0
BRDA:642,33,1,1080
BRDA:642,34,0,1080
BRDA:642,34,1,1080
BRDA:659,35,0,0
BRDA:659,35,1,1150
BRDA:677,36,0,904
BRDA:677,36,1,492
BRDA:677,37,0,1396
BRDA:677,37,1,904
BRDA:683,38,0,246
BRDA:683,38,1,0
BRDA:699,39,0,2164
BRDA:699,39,1,0
BRDA:700,40,0,2164
BRDA:700,40,1,0
BRDA:718,41,0,4
BRDA:718,41,1,217
BRDA:718,42,0,221
BRDA:718,42,1,217
BRDA:724,43,0,33
BRDA:724,43,1,184
BRDA:730,44,0,32
BRDA:730,44,1,152
BRDA:735,45,0,128
BRDA:735,45,1,24
BRDA:746,46,0,0
BRDA:746,46,1,72
BRDA:746,47,0,624
BRDA:746,47,1,624
BRDA:753,48,0,2
BRDA:753,48,1,66
BRDA:753,49,0,290
BRDA:753,49,1,290
BRDA:759,50,0,22
BRDA:759,50,1,0
BRDA:780,51,0,1514
BRDA:780,51,1,0
BRDA:784,52,0,364
BRDA:784,52,1,1150
BRDA:784,53,0,1514
BRDA:784,53,1,1512
BRDA:791,54,0,1150
BRDA:791,54,1,32
BRDA:797,55,0,1150
BRDA:797,55,1,0
BRDA:809,56,0,1514
BRDA:809,56,1,70
BRDA:816,57,0,1514
BRDA:816,57,1,0
BRDA:884,58,0,64
BRDA:884,58,1,157
BRDA:884,59,0,221
BRDA:884,59,1,221
BRDA:884,59,2,189
BRDA:886,60,0,0
BRDA:886,60,1,157
BRDA:886,61,0,157
BRDA:886,61,1,157
BRDA:886,61,2,157
BRDA:899,62,0,192
BRDA:899,62,1,29
BRDA:937,63,0,2
BRDA:937,63,1,53
BRDA:942,64,0,55
BRDA:942,64,1,50
BRDA:944,65,0,3
BRDA:944,65,1,52
BRDA:949,66,0,52
BRDA:949,66,1,10
BRDA:950,67,0,16
BRDA:950,67,1,39
BRDA:960,68,0,221
BRDA:960,68,1,0
BRDA:965,69,0,5
BRDA:965,69,1,31
BRDA:1012,70,0,9
BRDA:1012,70,1,7
BRDA:1028,71,0,9
BRDA:1028,71,1,7
BRDA:1041,72,0,1
BRDA:1041,72,1,35
BRDA:1050,73,0,0
BRDA:1050,73,1,35
BRDA:1052,74,0,31
BRDA:1052,74,1,4
BRDA:1070,75,0,776
BRDA:1070,75,1,0
BRDA:1109,76,0,192
BRDA:1109,76,1,29
BRDA:1109,77,0,221
BRDA:1109,77,1,192
BRF:158
BRH:131
end_of_record
TN:
SF:src/terragrunt/commands.ts
FN:22,(anonymous_0)
FN:52,(anonymous_1)
FN:95,(anonymous_2)
FN:100,(anonymous_3)
FN:141,(anonymous_4)
FN:161,(anonymous_5)
FN:170,(anonymous_6)
FN:174,(anonymous_7)
FN:179,(anonymous_8)
FNF:9
FNH:0
FNDA:0,(anonymous_0)
FNDA:0,(anonymous_1)
FNDA:0,(anonymous_2)
FNDA:0,(anonymous_3)
FNDA:0,(anonymous_4)
FNDA:0,(anonymous_5)
FNDA:0,(anonymous_6)
FNDA:0,(anonymous_7)
FNDA:0,(anonymous_8)
DA:6,0
DA:22,0
DA:27,0
DA:28,0
DA:29,0
DA:31,0
DA:36,0
DA:43,0
DA:52,0
DA:57,0
DA:63,0
DA:65,0
DA:68,0
DA:71,0
DA:72,0
DA:73,0
DA:77,0
DA:78,0
DA:79,0
DA:80,0
DA:81,0
DA:84,0
DA:88,0
DA:89,0
DA:92,0
DA:95,0
DA:96,0
DA:98,0
DA:100,0
DA:101,0
DA:102,0
DA:104,0
DA:105,0
DA:107,0
DA:108,0
DA:109,0
DA:110,0
DA:114,0
DA:117,0
DA:119,0
DA:120,0
DA:121,0
DA:124,0
DA:126,0
DA:135,0
DA:138,0
DA:141,0
DA:142,0
DA:143,0
DA:144,0
DA:147,0
DA:150,0
DA:151,0
DA:154,0
DA:156,0
DA:157,0
DA:161,0
DA:162,0
DA:163,0
DA:164,0
DA:166,0
DA:170,0
DA:171,0
DA:174,0
DA:175,0
DA:176,0
DA:179,0
DA:180,0
DA:181,0
LF:69
LH:0
BRDA:24,0,0,0
BRDA:25,1,0,0
BRDA:39,2,0,0
BRDA:39,2,1,0
BRDA:45,3,0,0
BRDA:45,3,1,0
BRDA:46,4,0,0
BRDA:46,4,1,0
BRDA:47,5,0,0
BRDA:47,5,1,0
BRDA:71,6,0,0
BRDA:71,6,1,0
BRDA:71,7,0,0
BRDA:71,7,1,0
BRDA:79,8,0,0
BRDA:79,8,1,0
BRDA:88,9,0,0
BRDA:88,9,1,0
BRDA:95,10,0,0
BRDA:107,11,0,0
BRDA:107,11,1,0
BRDA:107,12,0,0
BRDA:107,12,1,0
BRDA:107,12,2,0
BRDA:109,13,0,0
BRDA:109,13,1,0
BRDA:109,14,0,0
BRDA:109,14,1,0
BRDA:121,15,0,0
BRDA:121,15,1,0
BRDA:164,16,0,0
BRDA:164,16,1,0
BRDA:174,17,0,0
BRDA:175,18,0,0
BRDA:175,18,1,0
BRDA:179,19,0,0
BRDA:180,20,0,0
BRDA:180,20,1,0
BRF:38
BRH:0
end_of_record
TN:
SF:src/terragrunt/config.ts
FN:1,loadConfig
FN:5,validateConfig
FN:10,getDefaultConfig
FNF:3
FNH:0
FNDA:0,loadConfig
FNDA:0,validateConfig
FNDA:0,getDefaultConfig
DA:7,0
LF:1
LH:0
BRF:0
BRH:0
end_of_record
TN:
SF:src/terragrunt/docs.ts
FN:78,(anonymous_0)
FN:112,(anonymous_1)
FN:124,(anonymous_2)
FN:136,(anonymous_3)
FN:144,(anonymous_4)
FN:145,(anonymous_5)
FN:148,(anonymous_6)
FN:173,(anonymous_7)
FN:176,(anonymous_8)
FN:176,(anonymous_9)
FN:187,(anonymous_10)
FN:207,(anonymous_11)
FN:215,(anonymous_12)
FN:215,(anonymous_13)
FN:238,(anonymous_14)
FN:253,(anonymous_15)
FN:276,(anonymous_16)
FN:280,(anonymous_17)
FN:280,(anonymous_18)
FN:285,(anonymous_19)
FN:285,(anonymous_20)
FN:291,(anonymous_21)
FN:291,(anonymous_22)
FN:327,(anonymous_23)
FN:334,(anonymous_24)
FN:347,(anonymous_25)
FN:380,(anonymous_26)
FN:408,(anonymous_27)
FN:413,(anonymous_28)
FN:419,(anonymous_29)
FN:429,(anonymous_30)
FN:472,(anonymous_31)
FN:480,(anonymous_32)
FN:484,(anonymous_33)
FN:495,(anonymous_34)
FN:499,(anonymous_35)
FN:519,(anonymous_36)
FN:527,(anonymous_37)
FN:528,(anonymous_38)
FN:535,(anonymous_39)
FN:586,(anonymous_40)
FN:598,(anonymous_41)
FN:600,(anonymous_42)
FN:609,(anonymous_43)
FN:633,(anonymous_44)
FN:637,(anonymous_45)
FN:663,(anonymous_46)
FN:665,(anonymous_47)
FN:668,(anonymous_48)
FN:670,(anonymous_49)
FN:673,(anonymous_50)
FN:677,(anonymous_51)
FN:683,(anonymous_52)
FN:694,(anonymous_53)
FN:702,(anonymous_54)
FN:707,(anonymous_55)
FN:717,(anonymous_56)
FN:723,(anonymous_57)
FN:729,(anonymous_58)
FN:745,(anonymous_59)
FN:762,(anonymous_60)
FNF:61
FNH:0
FNDA:0,(anonymous_0)
FNDA:0,(anonymous_1)
FNDA:0,(anonymous_2)
FNDA:0,(anonymous_3)
FNDA:0,(anonymous_4)
FNDA:0,(anonymous_5)
FNDA:0,(anonymous_6)
FNDA:0,(anonymous_7)
FNDA:0,(anonymous_8)
FNDA:0,(anonymous_9)
FNDA:0,(anonymous_10)
FNDA:0,(anonymous_11)
FNDA:0,(anonymous_12)
FNDA:0,(anonymous_13)
FNDA:0,(anonymous_14)
FNDA:0,(anonymous_15)
FNDA:0,(anonymous_16)
FNDA:0,(anonymous_17)
FNDA:0,(anonymous_18)
FNDA:0,(anonymous_19)
FNDA:0,(anonymous_20)
FNDA:0,(anonymous_21)
FNDA:0,(anonymous_22)
FNDA:0,(anonymous_23)
FNDA:0,(anonymous_24)
FNDA:0,(anonymous_25)
FNDA:0,(anonymous_26)
FNDA:0,(anonymous_27)
FNDA:0,(anonymous_28)
FNDA:0,(anonymous_29)
FNDA:0,(anonymous_30)
FNDA:0,(anonymous_31)
FNDA:0,(anonymous_32)
FNDA:0,(anonymous_33)
FNDA:0,(anonymous_34)
FNDA:0,(anonymous_35)
FNDA:0,(anonymous_36)
FNDA:0,(anonymous_37)
FNDA:0,(anonymous_38)
FNDA:0,(anonymous_39)
FNDA:0,(anonymous_40)
FNDA:0,(anonymous_41)
FNDA:0,(anonymous_42)
FNDA:0,(anonymous_43)
FNDA:0,(anonymous_44)
FNDA:0,(anonymous_45)
FNDA:0,(anonymous_46)
FNDA:0,(anonymous_47)
FNDA:0,(anonymous_48)
FNDA:0,(anonymous_49)
FNDA:0,(anonymous_50)
FNDA:0,(anonymous_51)
FNDA:0,(anonymous_52)
FNDA:0,(anonymous_53)
FNDA:0,(anonymous_54)
FNDA:0,(anonymous_55)
FNDA:0,(anonymous_56)
FNDA:0,(anonymous_57)
FNDA:0,(anonymous_58)
FNDA:0,(anonymous_59)
FNDA:0,(anonymous_60)
DA:10,0
DA:11,0
DA:51,0
DA:52,0
DA:53,0
DA:55,0
DA:62,0
DA:71,0
DA:80,0
DA:81,0
DA:84,0
DA:87,0
DA:88,0
DA:90,0
DA:93,0
DA:96,0
DA:97,0
DA:98,0
DA:99,0
DA:102,0
DA:113,0
DA:125,0
DA:137,0
DA:138,0
DA:140,0
DA:145,0
DA:152,0
DA:153,0
DA:155,0
DA:156,0
DA:157,0
DA:159,0
DA:161,0
DA:162,0
DA:163,0
DA:164,0
DA:165,0
DA:170,0
DA:174,0
DA:175,0
DA:176,0
DA:178,0
DA:179,0
DA:180,0
DA:183,0
DA:184,0
DA:186,0
DA:187,0
DA:188,0
DA:191,0
DA:193,0
DA:194,0
DA:196,0
DA:197,0
DA:214,0
DA:215,0
DA:217,0
DA:218,0
DA:227,0
DA:228,0
DA:231,0
DA:235,0
DA:236,0
DA:238,0
DA:240,0
DA:241,0
DA:245,0
DA:249,0
DA:253,0
DA:254,0
DA:255,0
DA:257,0
DA:265,0
DA:266,0
DA:277,0
DA:279,0
DA:280,0
DA:283,0
DA:284,0
DA:285,0
DA:286,0
DA:287,0
DA:291,0
DA:293,0
DA:294,0
DA:295,0
DA:296,0
DA:300,0
DA:301,0
DA:304,0
DA:305,0
DA:306,0
DA:307,0
DA:308,0
DA:313,0
DA:315,0
DA:316,0
DA:317,0
DA:318,0
DA:320,0
DA:323,0
DA:326,0
DA:327,0
DA:334,0
DA:335,0
DA:336,0
DA:338,0
DA:339,0
DA:341,0
DA:342,0
DA:343,0
DA:348,0
DA:349,0
DA:351,0
DA:352,0
DA:358,0
DA:361,0
DA:362,0
DA:363,0
DA:367,0
DA:369,0
DA:373,0
DA:376,0
DA:382,0
DA:383,0
DA:384,0
DA:385,0
DA:390,0
DA:391,0
DA:392,0
DA:394,0
DA:396,0
DA:397,0
DA:398,0
DA:401,0
DA:405,0
DA:409,0
DA:414,0
DA:415,0
DA:418,0
DA:419,0
DA:423,0
DA:426,0
DA:427,0
DA:428,0
DA:429,0
DA:432,0
DA:433,0
DA:436,0
DA:440,0
DA:441,0
DA:444,0
DA:445,0
DA:448,0
DA:450,0
DA:453,0
DA:455,0
DA:458,0
DA:459,0
DA:460,0
DA:461,0
DA:465,0
DA:466,0
DA:467,0
DA:473,0
DA:474,0
DA:475,0
DA:477,0
DA:480,0
DA:481,0
DA:482,0
DA:484,0
DA:485,0
DA:486,0
DA:495,0
DA:496,0
DA:497,0
DA:499,0
DA:500,0
DA:501,0
DA:510,0
DA:518,0
DA:519,0
DA:520,0
DA:524,0
DA:528,0
DA:529,0
DA:530,0
DA:532,0
DA:536,0
DA:537,0
DA:539,0
DA:540,0
DA:541,0
DA:544,0
DA:545,0
DA:548,0
DA:551,0
DA:552,0
DA:554,0
DA:555,0
DA:556,0
DA:557,0
DA:558,0
DA:563,0
DA:564,0
DA:565,0
DA:568,0
DA:569,0
DA:570,0
DA:573,0
DA:581,0
DA:582,0
DA:587,0
DA:599,0
DA:600,0
DA:606,0
DA:610,0
DA:613,0
DA:614,0
DA:615,0
DA:616,0
DA:617,0
DA:620,0
DA:623,0
DA:626,0
DA:627,0
DA:630,0
DA:633,0
DA:634,0
DA:639,0
DA:640,0
DA:641,0
DA:642,0
DA:645,0
DA:646,0
DA:647,0
DA:648,0
DA:650,0
DA:654,0
DA:656,0
DA:657,0
DA:658,0
DA:660,0
DA:664,0
DA:665,0
DA:669,0
DA:670,0
DA:674,0
DA:677,0
DA:678,0
DA:683,0
DA:684,0
DA:689,0
DA:690,0
DA:694,0
DA:695,0
DA:699,0
DA:703,0
DA:704,0
DA:707,0
DA:708,0
DA:717,0
DA:718,0
DA:724,0
DA:725,0
DA:726,0
DA:729,0
DA:730,0
DA:735,0
DA:736,0
DA:737,0
DA:738,0
DA:742,0
DA:746,0
DA:750,0
DA:759,0
DA:760,0
DA:761,0
DA:762,0
DA:767,0
LF:281
LH:0
BRDA:84,0,0,0
BRDA:84,0,1,0
BRDA:87,1,0,0
BRDA:87,1,1,0
BRDA:87,2,0,0
BRDA:87,2,1,0
BRDA:97,3,0,0
BRDA:97,3,1,0
BRDA:159,4,0,0
BRDA:159,4,1,0
BRDA:161,5,0,0
BRDA:161,5,1,0
BRDA:170,6,0,0
BRDA:170,6,1,0
BRDA:178,7,0,0
BRDA:178,7,1,0
BRDA:217,8,0,0
BRDA:217,8,1,0
BRDA:240,9,0,0
BRDA:240,9,1,0
BRDA:245,10,0,0
BRDA:245,10,1,0
BRDA:246,11,0,0
BRDA:246,11,1,0
BRDA:246,11,2,0
BRDA:255,12,0,0
BRDA:255,12,1,0
BRDA:271,13,0,0
BRDA:271,13,1,0
BRDA:283,14,0,0
BRDA:283,14,1,0
BRDA:283,15,0,0
BRDA:283,15,1,0
BRDA:286,16,0,0
BRDA:286,16,1,0
BRDA:293,17,0,0
BRDA:293,17,1,0
BRDA:293,18,0,0
BRDA:293,18,1,0
BRDA:305,19,0,0
BRDA:305,19,1,0
BRDA:315,20,0,0
BRDA:315,20,1,0
BRDA:353,21,0,0
BRDA:353,21,1,0
BRDA:361,22,0,0
BRDA:361,22,1,0
BRDA:382,23,0,0
BRDA:382,23,1,0
BRDA:384,24,0,0
BRDA:384,24,1,0
BRDA:384,25,0,0
BRDA:384,25,1,0
BRDA:390,26,0,0
BRDA:390,26,1,0
BRDA:396,27,0,0
BRDA:396,27,1,0
BRDA:409,28,0,0
BRDA:409,28,1,0
BRDA:432,29,0,0
BRDA:432,29,1,0
BRDA:440,30,0,0
BRDA:440,30,1,0
BRDA:459,31,0,0
BRDA:459,31,1,0
BRDA:466,32,0,0
BRDA:466,32,1,0
BRDA:484,33,0,0
BRDA:484,33,1,0
BRDA:484,34,0,0
BRDA:484,34,1,0
BRDA:484,34,2,0
BRDA:499,35,0,0
BRDA:499,35,1,0
BRDA:499,36,0,0
BRDA:499,36,1,0
BRDA:499,36,2,0
BRDA:519,37,0,0
BRDA:519,37,1,0
BRDA:529,38,0,0
BRDA:529,38,1,0
BRDA:539,39,0,0
BRDA:539,39,1,0
BRDA:556,40,0,0
BRDA:556,40,1,0
BRDA:563,41,0,0
BRDA:563,41,1,0
BRDA:568,42,0,0
BRDA:568,42,1,0
BRDA:614,43,0,0
BRDA:614,43,1,0
BRDA:626,44,0,0
BRDA:626,44,1,0
BRDA:626,45,0,0
BRDA:626,45,1,0
BRDA:634,46,0,0
BRDA:634,46,1,0
BRDA:634,46,2,0
BRDA:641,47,0,0
BRDA:641,47,1,0
BRDA:641,48,0,0
BRDA:641,48,1,0
BRDA:642,49,0,0
BRDA:642,49,1,0
BRDA:642,50,0,0
BRDA:642,50,1,0
BRDA:647,51,0,0
BRDA:647,51,1,0
BRDA:647,52,0,0
BRDA:647,52,1,0
BRDA:648,53,0,0
BRDA:648,53,1,0
BRDA:648,54,0,0
BRDA:648,54,1,0
BRDA:678,55,0,0
BRDA:678,55,1,0
BRDA:684,56,0,0
BRDA:684,56,1,0
BRDA:684,56,2,0
BRDA:689,57,0,0
BRDA:689,57,1,0
BRDA:695,58,0,0
BRDA:695,58,1,0
BRDA:699,59,0,0
BRDA:699,59,1,0
BRDA:708,60,0,0
BRDA:708,60,1,0
BRDA:708,60,2,0
BRDA:708,60,3,0
BRDA:708,60,4,0
BRDA:718,61,0,0
BRDA:718,61,1,0
BRDA:730,62,0,0
BRDA:730,62,1,0
BRDA:737,63,0,0
BRDA:737,63,1,0
BRDA:761,64,0,0
BRDA:761,64,1,0
BRF:138
BRH:0
end_of_record
TN:
SF:src/terragrunt/file-writer.ts
FN:39,(anonymous_0)
FN:43,(anonymous_1)
FN:51,(anonymous_2)
FN:180,(anonymous_3)
FN:194,(anonymous_4)
FN:198,(anonymous_5)
FN:211,(anonymous_6)
FN:219,(anonymous_7)
FN:225,(anonymous_8)
FN:238,(anonymous_9)
FN:256,(anonymous_10)
FN:266,(anonymous_11)
FNF:12
FNH:0
FNDA:0,(anonymous_0)
FNDA:0,(anonymous_1)
FNDA:0,(anonymous_2)
FNDA:0,(anonymous_3)
FNDA:0,(anonymous_4)
FNDA:0,(anonymous_5)
FNDA:0,(anonymous_6)
FNDA:0,(anonymous_7)
FNDA:0,(anonymous_8)
FNDA:0,(anonymous_9)
FNDA:0,(anonymous_10)
FNDA:0,(anonymous_11)
DA:25,0
DA:40,0
DA:43,0
DA:44,0
DA:52,0
DA:54,0
DA:55,0
DA:62,0
DA:63,0
DA:64,0
DA:67,0
DA:68,0
DA:69,0
DA:77,0
DA:78,0
DA:86,0
DA:87,0
DA:90,0
DA:93,0
DA:94,0
DA:102,0
DA:103,0
DA:108,0
DA:109,0
DA:113,0
DA:116,0
DA:117,0
DA:120,0
DA:133,0
DA:134,0
DA:147,0
DA:148,0
DA:151,0
DA:152,0
DA:153,0
DA:154,0
DA:155,0
DA:156,0
DA:157,0
DA:158,0
DA:159,0
DA:161,0
DA:164,0
DA:182,0
DA:183,0
DA:196,0
DA:198,0
DA:199,0
DA:203,0
DA:213,0
DA:219,0
DA:226,0
DA:227,0
DA:228,0
DA:230,0
DA:232,0
DA:239,0
DA:242,0
DA:243,0
DA:250,0
DA:257,0
DA:267,0
LF:62
LH:0
BRDA:54,0,0,0
BRDA:54,0,1,0
BRDA:62,1,0,0
BRDA:62,1,1,0
BRDA:63,2,0,0
BRDA:63,2,1,0
BRDA:64,3,0,0
BRDA:64,3,1,0
BRDA:68,4,0,0
BRDA:68,4,1,0
BRDA:77,5,0,0
BRDA:77,5,1,0
BRDA:93,6,0,0
BRDA:93,6,1,0
BRDA:93,7,0,0
BRDA:93,7,1,0
BRDA:102,8,0,0
BRDA:102,8,1,0
BRDA:108,9,0,0
BRDA:108,9,1,0
BRDA:108,10,0,0
BRDA:108,10,1,0
BRDA:116,11,0,0
BRDA:116,11,1,0
BRDA:127,12,0,0
BRDA:127,12,1,0
BRDA:128,13,0,0
BRDA:128,13,1,0
BRDA:133,14,0,0
BRDA:133,14,1,0
BRDA:136,15,0,0
BRDA:136,15,1,0
BRDA:151,16,0,0
BRDA:151,16,1,0
BRDA:151,17,0,0
BRDA:151,17,1,0
BRDA:154,18,0,0
BRDA:154,18,1,0
BRDA:157,19,0,0
BRDA:157,19,1,0
BRDA:161,20,0,0
BRDA:161,20,1,0
BRDA:182,21,0,0
BRDA:182,21,1,0
BRDA:203,22,0,0
BRDA:203,22,1,0
BRDA:242,23,0,0
BRDA:242,23,1,0
BRDA:258,24,0,0
BRDA:258,24,1,0
BRDA:258,24,2,0
BRDA:260,25,0,0
BRDA:260,25,1,0
BRF:53
BRH:0
end_of_record
TN:
SF:src/terragrunt/functions.ts
FN:50,(anonymous_0)
FN:65,(anonymous_1)
FN:70,(anonymous_2)
FN:101,(anonymous_3)
FN:114,(anonymous_4)
FN:119,(anonymous_5)
FN:122,(anonymous_6)
FN:129,(anonymous_7)
FN:144,(anonymous_8)
FN:151,(anonymous_9)
FN:171,(anonymous_10)
FN:189,(anonymous_11)
FN:216,(anonymous_12)
FN:236,(anonymous_13)
FN:246,(anonymous_14)
FN:268,(anonymous_15)
FN:325,(anonymous_16)
FN:388,(anonymous_17)
FN:490,(anonymous_18)
FN:606,(anonymous_19)
FN:811,(anonymous_20)
FN:995,(anonymous_21)
FN:996,(anonymous_22)
FN:997,(anonymous_23)
FN:999,(anonymous_24)
FN:1003,(anonymous_25)
FN:1007,(anonymous_26)
FN:1021,(anonymous_27)
FNF:28
FNH:0
FNDA:0,(anonymous_0)
FNDA:0,(anonymous_1)
FNDA:0,(anonymous_2)
FNDA:0,(anonymous_3)
FNDA:0,(anonymous_4)
FNDA:0,(anonymous_5)
FNDA:0,(anonymous_6)
FNDA:0,(anonymous_7)
FNDA:0,(anonymous_8)
FNDA:0,(anonymous_9)
FNDA:0,(anonymous_10)
FNDA:0,(anonymous_11)
FNDA:0,(anonymous_12)
FNDA:0,(anonymous_13)
FNDA:0,(anonymous_14)
FNDA:0,(anonymous_15)
FNDA:0,(anonymous_16)
FNDA:0,(anonymous_17)
FNDA:0,(anonymous_18)
FNDA:0,(anonymous_19)
FNDA:0,(anonymous_20)
FNDA:0,(anonymous_21)
FNDA:0,(anonymous_22)
FNDA:0,(anonymous_23)
FNDA:0,(anonymous_24)
FNDA:0,(anonymous_25)
FNDA:0,(anonymous_26)
FNDA:0,(anonymous_27)
DA:51,0
DA:54,0
DA:67,0
DA:70,0
DA:71,0
DA:79,0
DA:81,0
DA:82,0
DA:83,0
DA:84,0
DA:85,0
DA:86,0
DA:95,0
DA:102,0
DA:103,0
DA:105,0
DA:106,0
DA:115,0
DA:117,0
DA:118,0
DA:119,0
DA:122,0
DA:130,0
DA:131,0
DA:134,0
DA:136,0
DA:137,0
DA:138,0
DA:139,0
DA:144,0
DA:152,0
DA:154,0
DA:155,0
DA:156,0
DA:160,0
DA:172,0
DA:173,0
DA:176,0
DA:177,0
DA:180,0
DA:181,0
DA:182,0
DA:186,0
DA:189,0
DA:190,0
DA:198,0
DA:199,0
DA:203,0
DA:208,0
DA:209,0
DA:213,0
DA:216,0
DA:217,0
DA:220,0
DA:222,0
DA:223,0
DA:228,0
DA:237,0
DA:238,0
DA:247,0
DA:248,0
DA:251,0
DA:255,0
DA:257,0
DA:262,0
DA:264,0
DA:268,0
DA:269,0
DA:270,0
DA:271,0
DA:273,0
DA:274,0
DA:275,0
DA:277,0
DA:278,0
DA:279,0
DA:282,0
DA:284,0
DA:285,0
DA:286,0
DA:288,0
DA:289,0
DA:290,0
DA:292,0
DA:293,0
DA:297,0
DA:298,0
DA:299,0
DA:300,0
DA:301,0
DA:304,0
DA:305,0
DA:306,0
DA:307,0
DA:309,0
DA:313,0
DA:321,0
DA:325,0
DA:328,0
DA:330,0
DA:333,0
DA:334,0
DA:335,0
DA:336,0
DA:338,0
DA:339,0
DA:340,0
DA:341,0
DA:342,0
DA:343,0
DA:346,0
DA:347,0
DA:348,0
DA:353,0
DA:354,0
DA:355,0
DA:357,0
DA:359,0
DA:360,0
DA:361,0
DA:362,0
DA:363,0
DA:370,0
DA:371,0
DA:372,0
DA:374,0
DA:375,0
DA:379,0
DA:383,0
DA:388,0
DA:389,0
DA:390,0
DA:391,0
DA:392,0
DA:394,0
DA:395,0
DA:396,0
DA:397,0
DA:398,0
DA:399,0
DA:400,0
DA:403,0
DA:406,0
DA:407,0
DA:408,0
DA:418,0
DA:420,0
DA:421,0
DA:422,0
DA:423,0
DA:424,0
DA:425,0
DA:427,0
DA:428,0
DA:431,0
DA:432,0
DA:435,0
DA:436,0
DA:439,0
DA:440,0
DA:441,0
DA:442,0
DA:444,0
DA:445,0
DA:446,0
DA:447,0
DA:448,0
DA:452,0
DA:458,0
DA:459,0
DA:466,0
DA:471,0
DA:472,0
DA:474,0
DA:475,0
DA:476,0
DA:477,0
DA:478,0
DA:479,0
DA:480,0
DA:481,0
DA:482,0
DA:483,0
DA:486,0
DA:490,0
DA:491,0
DA:492,0
DA:493,0
DA:496,0
DA:503,0
DA:506,0
DA:511,0
DA:514,0
DA:516,0
DA:519,0
DA:525,0
DA:528,0
DA:529,0
DA:532,0
DA:533,0
DA:536,0
DA:543,0
DA:546,0
DA:553,0
DA:556,0
DA:560,0
DA:564,0
DA:565,0
DA:568,0
DA:569,0
DA:572,0
DA:573,0
DA:576,0
DA:577,0
DA:580,0
DA:581,0
DA:585,0
DA:586,0
DA:589,0
DA:590,0
DA:593,0
DA:594,0
DA:597,0
DA:598,0
DA:602,0
DA:606,0
DA:607,0
DA:610,0
DA:611,0
DA:613,0
DA:614,0
DA:618,0
DA:619,0
DA:621,0
DA:622,0
DA:626,0
DA:627,0
DA:628,0
DA:630,0
DA:631,0
DA:633,0
DA:638,0
DA:642,0
DA:643,0
DA:644,0
DA:646,0
DA:647,0
DA:649,0
DA:654,0
DA:658,0
DA:659,0
DA:660,0
DA:661,0
DA:662,0
DA:664,0
DA:674,0
DA:675,0
DA:676,0
DA:677,0
DA:678,0
DA:686,0
DA:692,0
DA:695,0
DA:696,0
DA:699,0
DA:713,0
DA:714,0
DA:718,0
DA:719,0
DA:720,0
DA:723,0
DA:724,0
DA:725,0
DA:728,0
DA:731,0
DA:732,0
DA:733,0
DA:734,0
DA:738,0
DA:739,0
DA:740,0
DA:741,0
DA:746,0
DA:747,0
DA:749,0
DA:750,0
DA:752,0
DA:753,0
DA:754,0
DA:755,0
DA:756,0
DA:760,0
DA:762,0
DA:767,0
DA:768,0
DA:772,0
DA:773,0
DA:774,0
DA:775,0
DA:776,0
DA:777,0
DA:778,0
DA:779,0
DA:780,0
DA:781,0
DA:782,0
DA:783,0
DA:784,0
DA:785,0
DA:789,0
DA:792,0
DA:793,0
DA:794,0
DA:795,0
DA:796,0
DA:798,0
DA:799,0
DA:800,0
DA:801,0
DA:803,0
DA:808,0
DA:811,0
DA:813,0
DA:823,0
DA:828,0
DA:829,0
DA:830,0
DA:832,0
DA:833,0
DA:834,0
DA:836,0
DA:837,0
DA:840,0
DA:841,0
DA:845,0
DA:846,0
DA:847,0
DA:850,0
DA:852,0
DA:854,0
DA:855,0
DA:856,0
DA:857,0
DA:861,0
DA:862,0
DA:865,0
DA:866,0
DA:869,0
DA:870,0
DA:871,0
DA:872,0
DA:873,0
DA:874,0
DA:875,0
DA:877,0
DA:878,0
DA:879,0
DA:884,0
DA:886,0
DA:896,0
DA:900,0
DA:901,0
DA:902,0
DA:903,0
DA:904,0
DA:905,0
DA:906,0
DA:907,0
DA:908,0
DA:910,0
DA:911,0
DA:912,0
DA:913,0
DA:917,0
DA:918,0
DA:921,0
DA:922,0
DA:924,0
DA:925,0
DA:926,0
DA:927,0
DA:928,0
DA:929,0
DA:930,0
DA:932,0
DA:933,0
DA:934,0
DA:939,0
DA:941,0
DA:951,0
DA:955,0
DA:956,0
DA:957,0
DA:958,0
DA:960,0
DA:963,0
DA:964,0
DA:967,0
DA:968,0
DA:971,0
DA:972,0
DA:973,0
DA:974,0
DA:975,0
DA:977,0
DA:980,0
DA:982,0
DA:995,0
DA:997,0
DA:999,0
DA:1000,0
DA:1003,0
DA:1004,0
DA:1007,0
DA:1009,0
DA:1022,0
LF:416
LH:0
BRDA:71,0,0,0
BRDA:71,0,1,0
BRDA:71,0,2,0
BRDA:71,0,3,0
BRDA:85,1,0,0
BRDA:85,1,1,0
BRDA:88,2,0,0
BRDA:88,2,1,0
BRDA:102,3,0,0
BRDA:102,3,1,0
BRDA:102,4,0,0
BRDA:102,4,1,0
BRDA:106,5,0,0
BRDA:106,5,1,0
BRDA:117,6,0,0
BRDA:117,6,1,0
BRDA:117,7,0,0
BRDA:117,7,1,0
BRDA:119,8,0,0
BRDA:119,8,1,0
BRDA:130,9,0,0
BRDA:130,9,1,0
BRDA:130,10,0,0
BRDA:130,10,1,0
BRDA:138,11,0,0
BRDA:138,11,1,0
BRDA:155,12,0,0
BRDA:155,12,1,0
BRDA:155,13,0,0
BRDA:155,13,1,0
BRDA:172,14,0,0
BRDA:172,14,1,0
BRDA:172,15,0,0
BRDA:172,15,1,0
BRDA:181,16,0,0
BRDA:181,16,1,0
BRDA:190,17,0,0
BRDA:190,17,1,0
BRDA:190,17,2,0
BRDA:190,17,3,0
BRDA:208,18,0,0
BRDA:208,18,1,0
BRDA:220,19,0,0
BRDA:220,19,1,0
BRDA:248,20,0,0
BRDA:248,20,1,0
BRDA:270,21,0,0
BRDA:270,21,1,0
BRDA:271,22,0,0
BRDA:271,22,1,0
BRDA:275,23,0,0
BRDA:275,23,1,0
BRDA:282,24,0,0
BRDA:282,24,1,0
BRDA:286,25,0,0
BRDA:286,25,1,0
BRDA:290,26,0,0
BRDA:290,26,1,0
BRDA:298,27,0,0
BRDA:298,27,1,0
BRDA:300,28,0,0
BRDA:300,28,1,0
BRDA:305,29,0,0
BRDA:305,29,1,0
BRDA:334,30,0,0
BRDA:334,30,1,0
BRDA:342,31,0,0
BRDA:342,31,1,0
BRDA:342,32,0,0
BRDA:342,32,1,0
BRDA:342,32,2,0
BRDA:347,33,0,0
BRDA:347,33,1,0
BRDA:347,34,0,0
BRDA:347,34,1,0
BRDA:347,34,2,0
BRDA:355,35,0,0
BRDA:355,35,1,0
BRDA:360,36,0,0
BRDA:360,36,1,0
BRDA:360,37,0,0
BRDA:360,37,1,0
BRDA:362,38,0,0
BRDA:362,38,1,0
BRDA:372,39,0,0
BRDA:372,39,1,0
BRDA:372,40,0,0
BRDA:372,40,1,0
BRDA:375,41,0,0
BRDA:375,41,1,0
BRDA:375,42,0,0
BRDA:375,42,1,0
BRDA:375,42,2,0
BRDA:375,42,3,0
BRDA:392,43,0,0
BRDA:392,43,1,0
BRDA:399,44,0,0
BRDA:399,44,1,0
BRDA:407,45,0,0
BRDA:407,45,1,0
BRDA:425,46,0,0
BRDA:425,46,1,0
BRDA:425,47,0,0
BRDA:425,47,1,0
BRDA:425,47,2,0
BRDA:427,48,0,0
BRDA:427,48,1,0
BRDA:427,48,2,0
BRDA:428,49,0,0
BRDA:428,49,1,0
BRDA:432,50,0,0
BRDA:432,50,1,0
BRDA:436,51,0,0
BRDA:436,51,1,0
BRDA:436,52,0,0
BRDA:436,52,1,0
BRDA:441,53,0,0
BRDA:441,53,1,0
BRDA:444,54,0,0
BRDA:444,54,1,0
BRDA:444,55,0,0
BRDA:444,55,1,0
BRDA:445,56,0,0
BRDA:445,56,1,0
BRDA:446,57,0,0
BRDA:446,57,1,0
BRDA:462,58,0,0
BRDA:462,58,1,0
BRDA:463,59,0,0
BRDA:463,59,1,0
BRDA:466,60,0,0
BRDA:466,60,1,0
BRDA:471,61,0,0
BRDA:471,61,1,0
BRDA:477,62,0,0
BRDA:477,62,1,0
BRDA:479,63,0,0
BRDA:479,63,1,0
BRDA:479,64,0,0
BRDA:479,64,1,0
BRDA:479,64,2,0
BRDA:480,65,0,0
BRDA:480,65,1,0
BRDA:480,65,2,0
BRDA:483,66,0,0
BRDA:483,66,1,0
BRDA:496,67,0,0
BRDA:496,67,1,0
BRDA:496,68,0,0
BRDA:496,68,1,0
BRDA:496,68,2,0
BRDA:496,68,3,0
BRDA:496,68,4,0
BRDA:496,68,5,0
BRDA:496,68,6,0
BRDA:506,69,0,0
BRDA:506,69,1,0
BRDA:506,70,0,0
BRDA:506,70,1,0
BRDA:506,70,2,0
BRDA:506,70,3,0
BRDA:506,70,4,0
BRDA:514,71,0,0
BRDA:514,71,1,0
BRDA:514,72,0,0
BRDA:514,72,1,0
BRDA:519,73,0,0
BRDA:519,73,1,0
BRDA:519,74,0,0
BRDA:519,74,1,0
BRDA:519,74,2,0
BRDA:519,74,3,0
BRDA:519,74,4,0
BRDA:519,74,5,0
BRDA:528,75,0,0
BRDA:528,75,1,0
BRDA:532,76,0,0
BRDA:532,76,1,0
BRDA:532,77,0,0
BRDA:532,77,1,0
BRDA:536,78,0,0
BRDA:536,78,1,0
BRDA:536,79,0,0
BRDA:536,79,1,0
BRDA:536,79,2,0
BRDA:536,79,3,0
BRDA:536,79,4,0
BRDA:536,79,5,0
BRDA:536,79,6,0
BRDA:546,80,0,0
BRDA:546,80,1,0
BRDA:546,81,0,0
BRDA:546,81,1,0
BRDA:546,81,2,0
BRDA:546,81,3,0
BRDA:546,81,4,0
BRDA:546,81,5,0
BRDA:546,81,6,0
BRDA:556,82,0,0
BRDA:556,82,1,0
BRDA:556,83,0,0
BRDA:556,83,1,0
BRDA:556,83,2,0
BRDA:556,83,3,0
BRDA:564,84,0,0
BRDA:564,84,1,0
BRDA:564,85,0,0
BRDA:564,85,1,0
BRDA:568,86,0,0
BRDA:568,86,1,0
BRDA:568,87,0,0
BRDA:568,87,1,0
BRDA:572,88,0,0
BRDA:572,88,1,0
BRDA:572,89,0,0
BRDA:572,89,1,0
BRDA:576,90,0,0
BRDA:576,90,1,0
BRDA:576,91,0,0
BRDA:576,91,1,0
BRDA:580,92,0,0
BRDA:580,92,1,0
BRDA:580,93,0,0
BRDA:580,93,1,0
BRDA:585,94,0,0
BRDA:585,94,1,0
BRDA:585,95,0,0
BRDA:585,95,1,0
BRDA:589,96,0,0
BRDA:589,96,1,0
BRDA:589,97,0,0
BRDA:589,97,1,0
BRDA:593,98,0,0
BRDA:593,98,1,0
BRDA:597,99,0,0
BRDA:597,99,1,0
BRDA:597,100,0,0
BRDA:597,100,1,0
BRDA:613,101,0,0
BRDA:613,101,1,0
BRDA:613,102,0,0
BRDA:613,102,1,0
BRDA:622,103,0,0
BRDA:622,103,1,0
BRDA:627,104,0,0
BRDA:627,104,1,0
BRDA:631,105,0,0
BRDA:631,105,1,0
BRDA:643,106,0,0
BRDA:643,106,1,0
BRDA:647,107,0,0
BRDA:647,107,1,0
BRDA:660,108,0,0
BRDA:660,108,1,0
BRDA:674,109,0,0
BRDA:674,109,1,0
BRDA:677,110,0,0
BRDA:677,110,1,0
BRDA:713,111,0,0
BRDA:713,111,1,0
BRDA:720,112,0,0
BRDA:720,112,1,0
BRDA:725,113,0,0
BRDA:725,113,1,0
BRDA:733,114,0,0
BRDA:733,114,1,0
BRDA:738,115,0,0
BRDA:738,115,1,0
BRDA:738,116,0,0
BRDA:738,116,1,0
BRDA:741,117,0,0
BRDA:741,117,1,0
BRDA:750,118,0,0
BRDA:750,118,1,0
BRDA:755,119,0,0
BRDA:755,119,1,0
BRDA:755,120,0,0
BRDA:755,120,1,0
BRDA:760,121,0,0
BRDA:760,121,1,0
BRDA:767,122,0,0
BRDA:767,122,1,0
BRDA:774,123,0,0
BRDA:774,123,1,0
BRDA:774,124,0,0
BRDA:774,124,1,0
BRDA:774,124,2,0
BRDA:776,125,0,0
BRDA:776,125,1,0
BRDA:776,126,0,0
BRDA:776,126,1,0
BRDA:778,127,0,0
BRDA:778,127,1,0
BRDA:778,128,0,0
BRDA:778,128,1,0
BRDA:780,129,0,0
BRDA:780,129,1,0
BRDA:780,130,0,0
BRDA:780,130,1,0
BRDA:782,131,0,0
BRDA:782,131,1,0
BRDA:782,132,0,0
BRDA:782,132,1,0
BRDA:782,132,2,0
BRDA:784,133,0,0
BRDA:784,133,1,0
BRDA:794,134,0,0
BRDA:794,134,1,0
BRDA:800,135,0,0
BRDA:800,135,1,0
BRDA:800,136,0,0
BRDA:800,136,1,0
BRDA:803,137,0,0
BRDA:803,137,1,0
BRDA:811,138,0,0
BRDA:811,138,1,0
BRDA:815,139,0,0
BRDA:815,139,1,0
BRDA:820,140,0,0
BRDA:820,140,1,0
BRDA:830,141,0,0
BRDA:830,141,1,0
BRDA:834,142,0,0
BRDA:834,142,1,0
BRDA:836,143,0,0
BRDA:836,143,1,0
BRDA:837,144,0,0
BRDA:837,144,1,0
BRDA:840,145,0,0
BRDA:840,145,1,0
BRDA:846,146,0,0
BRDA:846,146,1,0
BRDA:850,147,0,0
BRDA:850,147,1,0
BRDA:856,148,0,0
BRDA:856,148,1,0
BRDA:856,149,0,0
BRDA:856,149,1,0
BRDA:873,150,0,0
BRDA:873,150,1,0
BRDA:873,151,0,0
BRDA:873,151,1,0
BRDA:879,152,0,0
BRDA:879,152,1,0
BRDA:879,153,0,0
BRDA:879,153,1,0
BRDA:879,153,2,0
BRDA:888,154,0,0
BRDA:888,154,1,0
BRDA:902,155,0,0
BRDA:902,155,1,0
BRDA:905,156,0,0
BRDA:905,156,1,0
BRDA:906,157,0,0
BRDA:906,157,1,0
BRDA:907,158,0,0
BRDA:907,158,1,0
BRDA:912,159,0,0
BRDA:912,159,1,0
BRDA:912,160,0,0
BRDA:912,160,1,0
BRDA:928,161,0,0
BRDA:928,161,1,0
BRDA:928,162,0,0
BRDA:928,162,1,0
BRDA:934,163,0,0
BRDA:934,163,1,0
BRDA:934,164,0,0
BRDA:934,164,1,0
BRDA:934,164,2,0
BRDA:943,165,0,0
BRDA:943,165,1,0
BRDA:958,166,0,0
BRDA:958,166,1,0
BRDA:974,167,0,0
BRDA:974,167,1,0
BRDA:997,168,0,0
BRDA:997,168,1,0
BRDA:1000,169,0,0
BRDA:1000,169,1,0
BRDA:1000,169,2,0
BRDA:1004,170,0,0
BRDA:1004,170,1,0
BRDA:1004,170,2,0
BRDA:1010,171,0,0
BRDA:1010,171,1,0
BRDA:1010,171,2,0
BRDA:1010,171,3,0
BRDA:1010,171,4,0
BRDA:1010,171,5,0
BRDA:1010,171,6,0
BRDA:1010,171,7,0
BRF:392
BRH:0
end_of_record
TN:
SF:src/terragrunt/generator.ts
FN:15,(anonymous_0)
FN:23,(anonymous_1)
FN:46,(anonymous_2)
FN:74,(anonymous_3)
FN:103,(anonymous_4)
FN:151,(anonymous_5)
FN:180,(anonymous_6)
FN:234,(anonymous_7)
FN:251,(anonymous_8)
FN:290,(anonymous_9)
FN:315,(anonymous_10)
FN:317,(anonymous_11)
FN:341,(anonymous_12)
FN:400,(anonymous_13)
FNF:14
FNH:0
FNDA:0,(anonymous_0)
FNDA:0,(anonymous_1)
FNDA:0,(anonymous_2)
FNDA:0,(anonymous_3)
FNDA:0,(anonymous_4)
FNDA:0,(anonymous_5)
FNDA:0,(anonymous_6)
FNDA:0,(anonymous_7)
FNDA:0,(anonymous_8)
FNDA:0,(anonymous_9)
FNDA:0,(anonymous_10)
FNDA:0,(anonymous_11)
FNDA:0,(anonymous_12)
FNDA:0,(anonymous_13)
DA:16,0
DA:17,0
DA:24,0
DA:27,0
DA:28,0
DA:29,0
DA:33,0
DA:34,0
DA:35,0
DA:39,0
DA:42,0
DA:45,0
DA:46,0
DA:50,0
DA:53,0
DA:56,0
DA:59,0
DA:61,0
DA:75,0
DA:76,0
DA:78,0
DA:79,0
DA:81,0
DA:83,0
DA:84,0
DA:86,0
DA:87,0
DA:89,0
DA:93,0
DA:104,0
DA:107,0
DA:108,0
DA:109,0
DA:113,0
DA:114,0
DA:115,0
DA:119,0
DA:121,0
DA:122,0
DA:124,0
DA:127,0
DA:129,0
DA:132,0
DA:133,0
DA:135,0
DA:138,0
DA:142,0
DA:145,0
DA:152,0
DA:155,0
DA:158,0
DA:160,0
DA:161,0
DA:163,0
DA:164,0
DA:165,0
DA:166,0
DA:167,0
DA:172,0
DA:174,0
DA:181,0
DA:184,0
DA:185,0
DA:187,0
DA:189,0
DA:190,0
DA:194,0
DA:195,0
DA:197,0
DA:198,0
DA:200,0
DA:203,0
DA:204,0
DA:205,0
DA:207,0
DA:208,0
DA:209,0
DA:210,0
DA:211,0
DA:213,0
DA:217,0
DA:218,0
DA:219,0
DA:222,0
DA:223,0
DA:224,0
DA:228,0
DA:235,0
DA:245,0
DA:252,0
DA:284,0
DA:291,0
DA:294,0
DA:302,0
DA:305,0
DA:306,0
DA:310,0
DA:311,0
DA:314,0
DA:315,0
DA:316,0
DA:318,0
DA:319,0
DA:323,0
DA:326,0
DA:327,0
DA:328,0
DA:329,0
DA:330,0
DA:335,0
DA:342,0
DA:345,0
DA:378,0
DA:381,0
DA:382,0
DA:383,0
DA:384,0
DA:385,0
DA:386,0
DA:387,0
DA:388,0
DA:389,0
DA:390,0
DA:394,0
DA:401,0
DA:404,0
DA:405,0
DA:406,0
DA:410,0
LF:129
LH:0
BRDA:16,0,0,0
BRDA:16,0,1,0
BRDA:17,1,0,0
BRDA:17,1,1,0
BRDA:28,2,0,0
BRDA:28,2,1,0
BRDA:29,3,0,0
BRDA:29,3,1,0
BRDA:34,4,0,0
BRDA:34,4,1,0
BRDA:45,5,0,0
BRDA:45,5,1,0
BRDA:45,6,0,0
BRDA:45,6,1,0
BRDA:81,7,0,0
BRDA:81,7,1,0
BRDA:81,8,0,0
BRDA:81,8,1,0
BRDA:84,9,0,0
BRDA:84,9,1,0
BRDA:87,10,0,0
BRDA:87,10,1,0
BRDA:119,11,0,0
BRDA:119,11,1,0
BRDA:122,12,0,0
BRDA:122,12,1,0
BRDA:133,13,0,0
BRDA:133,13,1,0
BRDA:160,14,0,0
BRDA:160,14,1,0
BRDA:189,15,0,0
BRDA:189,15,1,0
BRDA:197,16,0,0
BRDA:197,16,1,0
BRDA:207,17,0,0
BRDA:207,17,1,0
BRDA:208,18,0,0
BRDA:208,18,1,0
BRDA:210,19,0,0
BRDA:210,19,1,0
BRDA:223,20,0,0
BRDA:223,20,1,0
BRDA:245,21,0,0
BRDA:245,21,1,0
BRDA:284,22,0,0
BRDA:284,22,1,0
BRDA:302,23,0,0
BRDA:302,23,1,0
BRDA:305,24,0,0
BRDA:305,24,1,0
BRDA:328,25,0,0
BRDA:328,25,1,0
BRDA:378,26,0,0
BRDA:378,26,1,0
BRDA:381,27,0,0
BRDA:381,27,1,0
BRDA:381,28,0,0
BRDA:381,28,1,0
BRDA:382,29,0,0
BRDA:382,29,1,0
BRDA:385,30,0,0
BRDA:385,30,1,0
BRDA:385,31,0,0
BRDA:385,31,1,0
BRDA:388,32,0,0
BRDA:388,32,1,0
BRDA:405,33,0,0
BRDA:405,33,1,0
BRF:68
BRH:0
end_of_record
TN:
SF:src/terragrunt/hcl-validator.ts
FN:25,validateHCL
FN:75,checkBalancedDelimiters
FN:188,removeComments
FN:254,checkUnclosedStrings
FN:304,checkInterpolationSyntax
FN:366,checkFormatting
FN:403,checkHCLStructure
FNF:7
FNH:0
FNDA:0,validateHCL
FNDA:0,checkBalancedDelimiters
FNDA:0,removeComments
FNDA:0,checkUnclosedStrings
FNDA:0,checkInterpolationSyntax
FNDA:0,checkFormatting
FNDA:0,checkHCLStructure
DA:26,0
DA:27,0
DA:28,0
DA:31,0
DA:32,0
DA:41,0
DA:42,0
DA:45,0
DA:46,0
DA:49,0
DA:50,0
DA:53,0
DA:54,0
DA:55,0
DA:56,0
DA:60,0
DA:61,0
DA:63,0
DA:76,0
DA:77,0
DA:80,0
DA:81,0
DA:82,0
DA:85,0
DA:86,0
DA:87,0
DA:90,0
DA:91,0
DA:92,0
DA:94,0
DA:95,0
DA:96,0
DA:99,0
DA:100,0
DA:101,0
DA:104,0
DA:105,0
DA:106,0
DA:110,0
DA:111,0
DA:112,0
DA:113,0
DA:114,0
DA:115,0
DA:116,0
DA:118,0
DA:122,0
DA:123,0
DA:127,0
DA:128,0
DA:132,0
DA:134,0
DA:135,0
DA:137,0
DA:138,0
DA:140,0
DA:142,0
DA:144,0
DA:145,0
DA:147,0
DA:148,0
DA:150,0
DA:152,0
DA:154,0
DA:155,0
DA:157,0
DA:158,0
DA:160,0
DA:162,0
DA:168,0
DA:169,0
DA:170,0
DA:172,0
DA:173,0
DA:174,0
DA:176,0
DA:177,0
DA:178,0
DA:181,0
DA:189,0
DA:190,0
DA:191,0
DA:192,0
DA:194,0
DA:195,0
DA:196,0
DA:199,0
DA:200,0
DA:201,0
DA:203,0
DA:204,0
DA:207,0
DA:208,0
DA:209,0
DA:211,0
DA:212,0
DA:216,0
DA:217,0
DA:218,0
DA:219,0
DA:220,0
DA:221,0
DA:222,0
DA:224,0
DA:225,0
DA:229,0
DA:230,0
DA:231,0
DA:235,0
DA:237,0
DA:240,0
DA:242,0
DA:245,0
DA:248,0
DA:255,0
DA:256,0
DA:258,0
DA:259,0
DA:260,0
DA:261,0
DA:264,0
DA:265,0
DA:266,0
DA:268,0
DA:269,0
DA:271,0
DA:272,0
DA:273,0
DA:276,0
DA:277,0
DA:278,0
DA:281,0
DA:282,0
DA:283,0
DA:284,0
DA:288,0
DA:289,0
DA:292,0
DA:293,0
DA:297,0
DA:305,0
DA:306,0
DA:308,0
DA:309,0
DA:310,0
DA:313,0
DA:316,0
DA:317,0
DA:319,0
DA:321,0
DA:323,0
DA:324,0
DA:327,0
DA:328,0
DA:330,0
DA:331,0
DA:332,0
DA:333,0
DA:334,0
DA:335,0
DA:336,0
DA:339,0
DA:343,0
DA:346,0
DA:347,0
DA:351,0
DA:352,0
DA:355,0
DA:360,0
DA:367,0
DA:368,0
DA:371,0
DA:372,0
DA:374,0
DA:375,0
DA:377,0
DA:378,0
DA:380,0
DA:381,0
DA:385,0
DA:386,0
DA:390,0
DA:391,0
DA:392,0
DA:393,0
DA:397,0
DA:404,0
DA:405,0
DA:407,0
DA:408,0
DA:409,0
DA:413,0
DA:414,0
DA:415,0
DA:416,0
DA:434,0
DA:435,0
DA:440,0
LF:198
LH:0
BRDA:31,0,0,0
BRDA:31,0,1,0
BRDA:31,1,0,0
BRDA:31,1,1,0
BRDA:55,2,0,0
BRDA:55,2,1,0
BRDA:96,3,0,0
BRDA:96,3,1,0
BRDA:99,4,0,0
BRDA:99,4,1,0
BRDA:104,5,0,0
BRDA:104,5,1,0
BRDA:110,6,0,0
BRDA:110,6,1,0
BRDA:110,7,0,0
BRDA:110,7,1,0
BRDA:111,8,0,0
BRDA:111,8,1,0
BRDA:114,9,0,0
BRDA:114,9,1,0
BRDA:122,10,0,0
BRDA:122,10,1,0
BRDA:127,11,0,0
BRDA:127,11,1,0
BRDA:127,12,0,0
BRDA:127,12,1,0
BRDA:127,12,2,0
BRDA:132,13,0,0
BRDA:132,13,1,0
BRDA:132,13,2,0
BRDA:132,13,3,0
BRDA:132,13,4,0
BRDA:132,13,5,0
BRDA:137,14,0,0
BRDA:137,14,1,0
BRDA:147,15,0,0
BRDA:147,15,1,0
BRDA:157,16,0,0
BRDA:157,16,1,0
BRDA:168,17,0,0
BRDA:168,17,1,0
BRDA:172,18,0,0
BRDA:172,18,1,0
BRDA:176,19,0,0
BRDA:176,19,1,0
BRDA:196,20,0,0
BRDA:196,20,1,0
BRDA:199,21,0,0
BRDA:199,21,1,0
BRDA:200,22,0,0
BRDA:200,22,1,0
BRDA:207,23,0,0
BRDA:207,23,1,0
BRDA:208,24,0,0
BRDA:208,24,1,0
BRDA:216,25,0,0
BRDA:216,25,1,0
BRDA:216,26,0,0
BRDA:216,26,1,0
BRDA:217,27,0,0
BRDA:217,27,1,0
BRDA:220,28,0,0
BRDA:220,28,1,0
BRDA:229,29,0,0
BRDA:229,29,1,0
BRDA:235,30,0,0
BRDA:235,30,1,0
BRDA:240,31,0,0
BRDA:240,31,1,0
BRDA:240,32,0,0
BRDA:240,32,1,0
BRDA:271,33,0,0
BRDA:271,33,1,0
BRDA:276,34,0,0
BRDA:276,34,1,0
BRDA:281,35,0,0
BRDA:281,35,1,0
BRDA:283,36,0,0
BRDA:283,36,1,0
BRDA:288,37,0,0
BRDA:288,37,1,0
BRDA:292,38,0,0
BRDA:292,38,1,0
BRDA:317,39,0,0
BRDA:317,39,1,0
BRDA:321,40,0,0
BRDA:321,40,1,0
BRDA:321,41,0,0
BRDA:321,41,1,0
BRDA:321,41,2,0
BRDA:330,42,0,0
BRDA:330,42,1,0
BRDA:331,43,0,0
BRDA:331,43,1,0
BRDA:333,44,0,0
BRDA:333,44,1,0
BRDA:335,45,0,0
BRDA:335,45,1,0
BRDA:346,46,0,0
BRDA:346,46,1,0
BRDA:351,47,0,0
BRDA:351,47,1,0
BRDA:375,48,0,0
BRDA:375,48,1,0
BRDA:377,49,0,0
BRDA:377,49,1,0
BRDA:380,50,0,0
BRDA:380,50,1,0
BRDA:385,51,0,0
BRDA:385,51,1,0
BRDA:385,52,0,0
BRDA:385,52,1,0
BRDA:391,53,0,0
BRDA:391,53,1,0
BRDA:391,54,0,0
BRDA:391,54,1,0
BRDA:414,55,0,0
BRDA:414,55,1,0
BRDA:434,56,0,0
BRDA:434,56,1,0
BRDA:434,57,0,0
BRDA:434,57,1,0
BRDA:434,57,2,0
BRF:123
BRH:0
end_of_record
TN:
SF:src/terragrunt/library.ts
FN:48,(anonymous_0)
FN:59,(anonymous_1)
FN:79,(anonymous_2)
FN:85,(anonymous_3)
FN:91,(anonymous_4)
FN:92,(anonymous_5)
FN:111,(anonymous_6)
FN:131,(anonymous_7)
FN:146,(anonymous_8)
FN:200,(anonymous_9)
FNF:10
FNH:0
FNDA:0,(anonymous_0)
FNDA:0,(anonymous_1)
FNDA:0,(anonymous_2)
FNDA:0,(anonymous_3)
FNDA:0,(anonymous_4)
FNDA:0,(anonymous_5)
FNDA:0,(anonymous_6)
FNDA:0,(anonymous_7)
FNDA:0,(anonymous_8)
FNDA:0,(anonymous_9)
DA:29,0
DA:40,0
DA:49,0
DA:60,0
DA:62,0
DA:63,0
DA:64,0
DA:68,0
DA:70,0
DA:71,0
DA:75,0
DA:76,0
DA:79,0
DA:80,0
DA:81,0
DA:85,0
DA:86,0
DA:87,0
DA:91,0
DA:92,0
DA:94,0
DA:95,0
DA:99,0
DA:103,0
DA:112,0
DA:113,0
DA:115,0
DA:116,0
DA:117,0
DA:118,0
DA:122,0
DA:132,0
DA:133,0
DA:134,0
DA:137,0
DA:147,0
DA:148,0
DA:151,0
DA:152,0
DA:153,0
DA:157,0
DA:158,0
DA:160,0
DA:161,0
DA:165,0
DA:166,0
DA:168,0
DA:169,0
DA:173,0
DA:174,0
DA:175,0
DA:179,0
DA:180,0
DA:181,0
DA:185,0
DA:186,0
DA:189,0
DA:201,0
LF:58
LH:0
BRDA:49,0,0,0
BRDA:49,0,1,0
BRDA:63,1,0,0
BRDA:63,1,1,0
BRDA:70,2,0,0
BRDA:70,2,1,0
BRDA:75,3,0,0
BRDA:75,3,1,0
BRDA:80,4,0,0
BRDA:80,4,1,0
BRDA:86,5,0,0
BRDA:86,5,1,0
BRDA:94,6,0,0
BRDA:94,6,1,0
BRDA:117,7,0,0
BRDA:117,7,1,0
BRDA:133,8,0,0
BRDA:133,8,1,0
BRDA:151,9,0,0
BRDA:151,9,1,0
BRDA:151,10,0,0
BRDA:151,10,1,0
BRDA:160,11,0,0
BRDA:160,11,1,0
BRDA:160,12,0,0
BRDA:160,12,1,0
BRDA:165,13,0,0
BRDA:165,13,1,0
BRDA:166,14,0,0
BRDA:166,14,1,0
BRDA:168,15,0,0
BRDA:168,15,1,0
BRDA:174,16,0,0
BRDA:174,16,1,0
BRDA:180,17,0,0
BRDA:180,17,1,0
BRDA:180,18,0,0
BRDA:180,18,1,0
BRDA:180,18,2,0
BRDA:185,19,0,0
BRDA:185,19,1,0
BRDA:185,20,0,0
BRDA:185,20,1,0
BRF:43
BRH:0
end_of_record
TN:
SF:src/terragrunt/utils.ts
FN:1,(anonymous_0)
FN:9,(anonymous_1)
FN:13,(anonymous_2)
FNF:3
FNH:0
FNDA:0,(anonymous_0)
FNDA:0,(anonymous_1)
FNDA:0,(anonymous_2)
DA:1,0
DA:2,0
DA:3,0
DA:5,0
DA:9,0
DA:10,0
DA:13,0
DA:14,0
LF:8
LH:0
BRF:0
BRH:0
end_of_record
TN:
SF:src/terragrunt/templates/index.ts
FN:22,(anonymous_0)
FN:32,(anonymous_1)
FN:38,(anonymous_2)
FN:61,(anonymous_3)
FN:69,(anonymous_4)
FN:77,(anonymous_5)
FN:83,(anonymous_6)
FN:87,(anonymous_7)
FN:93,(anonymous_8)
FN:97,(anonymous_9)
FN:98,(anonymous_10)
FN:108,(anonymous_11)
FN:135,(anonymous_12)
FNF:13
FNH:0
FNDA:0,(anonymous_0)
FNDA:0,(anonymous_1)
FNDA:0,(anonymous_2)
FNDA:0,(anonymous_3)
FNDA:0,(anonymous_4)
FNDA:0,(anonymous_5)
FNDA:0,(anonymous_6)
FNDA:0,(anonymous_7)
FNDA:0,(anonymous_8)
FNDA:0,(anonymous_9)
FNDA:0,(anonymous_10)
FNDA:0,(anonymous_11)
FNDA:0,(anonymous_12)
DA:15,0
DA:16,0
DA:23,0
DA:33,0
DA:34,0
DA:38,0
DA:41,0
DA:42,0
DA:43,0
DA:44,0
DA:45,0
DA:49,0
DA:54,0
DA:55,0
DA:62,0
DA:63,0
DA:70,0
DA:71,0
DA:78,0
DA:80,0
DA:82,0
DA:83,0
DA:86,0
DA:87,0
DA:88,0
DA:92,0
DA:93,0
DA:96,0
DA:97,0
DA:98,0
DA:102,0
DA:109,0
DA:111,0
DA:112,0
DA:113,0
DA:115,0
DA:116,0
DA:117,0
DA:118,0
DA:120,0
DA:123,0
DA:136,0
DA:137,0
LF:43
LH:0
BRDA:23,0,0,0
BRDA:23,0,1,0
BRDA:23,1,0,0
BRDA:23,1,1,0
BRDA:33,2,0,0
BRDA:33,2,1,0
BRDA:82,3,0,0
BRDA:82,3,1,0
BRDA:86,4,0,0
BRDA:86,4,1,0
BRDA:92,5,0,0
BRDA:92,5,1,0
BRDA:96,6,0,0
BRDA:96,6,1,0
BRDA:96,7,0,0
BRDA:96,7,1,0
BRDA:117,8,0,0
BRDA:117,8,1,0
BRF:18
BRH:0
end_of_record
TN:
SF:src/terragrunt/templates/registry.ts
FN:29,getTemplateCounts
FNF:1
FNH:0
FNDA:0,getTemplateCounts
DA:18,0
DA:30,0
LF:2
LH:0
BRF:0
BRH:0
end_of_record
TN:
SF:src/terragrunt/templates/validator.ts
FN:13,(anonymous_0)
FN:27,(anonymous_1)
FN:38,(anonymous_2)
FN:58,(anonymous_3)
FN:75,(anonymous_4)
FN:119,(anonymous_5)
FN:124,(anonymous_6)
FN:139,(anonymous_7)
FN:169,(anonymous_8)
FNF:9
FNH:0
FNDA:0,(anonymous_0)
FNDA:0,(anonymous_1)
FNDA:0,(anonymous_2)
FNDA:0,(anonymous_3)
FNDA:0,(anonymous_4)
FNDA:0,(anonymous_5)
FNDA:0,(anonymous_6)
FNDA:0,(anonymous_7)
FNDA:0,(anonymous_8)
DA:15,0
DA:16,0
DA:18,0
DA:19,0
DA:40,0
DA:43,0
DA:46,0
DA:49,0
DA:52,0
DA:59,0
DA:61,0
DA:62,0
DA:63,0
DA:77,0
DA:78,0
DA:79,0
DA:87,0
DA:88,0
DA:89,0
DA:90,0
DA:99,0
DA:100,0
DA:107,0
DA:108,0
DA:120,0
DA:121,0
DA:122,0
DA:124,0
DA:125,0
DA:128,0
DA:140,0
DA:141,0
DA:143,0
DA:144,0
DA:150,0
DA:151,0
DA:157,0
DA:158,0
DA:170,0
LF:39
LH:0
BRDA:38,0,0,0
BRDA:49,1,0,0
BRDA:49,1,1,0
BRDA:62,2,0,0
BRDA:62,2,1,0
BRDA:62,3,0,0
BRDA:62,3,1,0
BRDA:62,3,2,0
BRDA:78,4,0,0
BRDA:78,4,1,0
BRDA:87,5,0,0
BRDA:87,5,1,0
BRDA:89,6,0,0
BRDA:89,6,1,0
BRDA:99,7,0,0
BRDA:99,7,1,0
BRDA:99,8,0,0
BRDA:99,8,1,0
BRDA:107,9,0,0
BRDA:107,9,1,0
BRDA:107,10,0,0
BRDA:107,10,1,0
BRDA:122,11,0,0
BRDA:122,11,1,0
BRDA:122,12,0,0
BRDA:122,12,1,0
BRDA:129,13,0,0
BRDA:129,13,1,0
BRDA:143,14,0,0
BRDA:143,14,1,0
BRDA:143,15,0,0
BRDA:143,15,1,0
BRDA:150,16,0,0
BRDA:150,16,1,0
BRDA:150,17,0,0
BRDA:150,17,1,0
BRDA:157,18,0,0
BRDA:157,18,1,0
BRDA:176,19,0,0
BRDA:176,19,1,0
BRDA:180,20,0,0
BRDA:180,20,1,0
BRF:42
BRH:0
end_of_record
TN:
SF:src/terragrunt/templates/categories/backends.ts
FNF:0
FNH:0
DA:8,0
LF:1
LH:0
BRF:0
BRH:0
end_of_record
TN:
SF:src/terragrunt/templates/categories/configuration.ts
FNF:0
FNH:0
DA:8,0
LF:1
LH:0
BRF:0
BRH:0
end_of_record
TN:
SF:src/terragrunt/templates/categories/dependencies.ts
FNF:0
FNH:0
DA:8,0
LF:1
LH:0
BRF:0
BRH:0
end_of_record
TN:
SF:src/terragrunt/templates/categories/hooks.ts
FNF:0
FNH:0
DA:8,0
LF:1
LH:0
BRF:0
BRH:0
end_of_record
TN:
SF:src/terragrunt/templates/categories/index.ts
FNF:0
FNH:0
LF:0
LH:0
BRF:0
BRH:0
end_of_record
TN:
SF:src/terragrunt/templates/categories/providers.ts
FNF:0
FNH:0
DA:8,0
LF:1
LH:0
BRF:0
BRH:0
end_of_record
TN:
SF:src/terragrunt/templates/loaders/base.ts
FNF:0
FNH:0
LF:0
LH:0
BRF:0
BRH:0
end_of_record
TN:
SF:src/terragrunt/templates/loaders/builtin.ts
FN:14,(anonymous_0)
FN:17,(anonymous_1)
FN:26,loadBuiltinTemplates
FNF:3
FNH:0
FNDA:0,(anonymous_0)
FNDA:0,(anonymous_1)
FNDA:0,loadBuiltinTemplates
DA:15,0
DA:18,0
DA:27,0
LF:3
LH:0
BRF:0
BRH:0
end_of_record
TN:
SF:src/terragrunt/templates/loaders/custom.ts
FN:19,(anonymous_0)
FN:27,(anonymous_1)
FNF:2
FNH:0
FNDA:0,(anonymous_0)
FNDA:0,(anonymous_1)
DA:15,0
DA:20,0
DA:21,0
DA:28,0
DA:29,0
DA:32,0
DA:33,0
DA:34,0
DA:36,0
DA:37,0
LF:10
LH:0
BRDA:28,0,0,0
BRDA:28,0,1,0
BRF:2
BRH:0
end_of_record
TN:
SF:src/terragrunt/templates/loaders/filesystem.ts
FN:25,(anonymous_0)
FN:33,(anonymous_1)
FN:38,(anonymous_2)
FN:71,(anonymous_3)
FNF:4
FNH:0
FNDA:0,(anonymous_0)
FNDA:0,(anonymous_1)
FNDA:0,(anonymous_2)
FNDA:0,(anonymous_3)
DA:18,0
DA:26,0
DA:27,0
DA:34,0
DA:36,0
DA:38,0
DA:40,0
DA:41,0
DA:42,0
DA:46,0
DA:47,0
DA:48,0
DA:49,0
DA:50,0
DA:51,0
DA:54,0
DA:60,0
DA:61,0
DA:63,0
DA:64,0
DA:72,0
DA:73,0
DA:74,0
DA:77,0
DA:78,0
DA:80,0
DA:81,0
LF:27
LH:0
BRDA:26,0,0,0
BRDA:26,0,1,0
BRDA:40,1,0,0
BRDA:40,1,1,0
BRDA:47,2,0,0
BRDA:47,2,1,0
BRDA:50,3,0,0
BRDA:50,3,1,0
BRF:8
BRH:0
end_of_record
